{"C:\\xampp\\htdocs\\projects\\talentql\\walletApp\\backend\\api\\services\\helpers\\validators.js": {"path":"C:\\xampp\\htdocs\\projects\\talentql\\walletApp\\backend\\api\\services\\helpers\\validators.js","statementMap":{"0":{"start":{"line":1,"column":19},"end":{"line":1,"column":64}},"1":{"start":{"line":2,"column":22},"end":{"line":2,"column":36}},"2":{"start":{"line":3,"column":22},"end":{"line":3,"column":37}},"3":{"start":{"line":4,"column":25},"end":{"line":4,"column":34}},"4":{"start":{"line":6,"column":0},"end":{"line":8,"column":2}},"5":{"start":{"line":7,"column":2},"end":{"line":7,"column":56}},"6":{"start":{"line":10,"column":0},"end":{"line":12,"column":2}},"7":{"start":{"line":11,"column":2},"end":{"line":11,"column":65}},"8":{"start":{"line":14,"column":0},"end":{"line":16,"column":2}},"9":{"start":{"line":15,"column":2},"end":{"line":15,"column":65}},"10":{"start":{"line":18,"column":0},"end":{"line":20,"column":2}},"11":{"start":{"line":19,"column":2},"end":{"line":19,"column":43}}},"fnMap":{"0":{"name":"(anonymous_0)","decl":{"start":{"line":6,"column":25},"end":{"line":6,"column":26}},"loc":{"start":{"line":6,"column":40},"end":{"line":8,"column":1}},"line":6},"1":{"name":"(anonymous_1)","decl":{"start":{"line":10,"column":32},"end":{"line":10,"column":33}},"loc":{"start":{"line":10,"column":50},"end":{"line":12,"column":1}},"line":10},"2":{"name":"(anonymous_2)","decl":{"start":{"line":14,"column":33},"end":{"line":14,"column":34}},"loc":{"start":{"line":14,"column":51},"end":{"line":16,"column":1}},"line":14},"3":{"name":"(anonymous_3)","decl":{"start":{"line":18,"column":28},"end":{"line":18,"column":29}},"loc":{"start":{"line":18,"column":44},"end":{"line":20,"column":1}},"line":18}},"branchMap":{"0":{"loc":{"start":{"line":7,"column":9},"end":{"line":7,"column":55}},"type":"cond-expr","locations":[{"start":{"line":7,"column":21},"end":{"line":7,"column":47}},{"start":{"line":7,"column":50},"end":{"line":7,"column":55}}],"line":7},"1":{"loc":{"start":{"line":11,"column":9},"end":{"line":11,"column":64}},"type":"cond-expr","locations":[{"start":{"line":11,"column":24},"end":{"line":11,"column":56}},{"start":{"line":11,"column":59},"end":{"line":11,"column":64}}],"line":11},"2":{"loc":{"start":{"line":15,"column":9},"end":{"line":15,"column":64}},"type":"cond-expr","locations":[{"start":{"line":15,"column":24},"end":{"line":15,"column":56}},{"start":{"line":15,"column":59},"end":{"line":15,"column":64}}],"line":15}},"s":{"0":1,"1":1,"2":1,"3":1,"4":1,"5":2,"6":1,"7":5,"8":1,"9":6,"10":1,"11":5},"f":{"0":2,"1":5,"2":6,"3":5},"b":{"0":[2,0],"1":[5,0],"2":[5,1]},"_coverageSchema":"1a1c01bbd47fc00a2c39e90264f33305004495a9","hash":"4853f85003e703a99dcf6cde1e5b2ca0ef18c1d4"}
}
